# JRE version: OpenJDK Runtime Environment Temurin-17.0.4+8 (17.0.4+8) (build 17.0.4+8)
# Java VM: OpenJDK 64-Bit Server VM Temurin-17.0.4+8 (17.0.4+8, mixed mode, tiered, compressed oops, compressed class ptrs, parallel gc, windows-amd64)
GC Precious Log:
 CPUs: 8 total, 8 available
 Memory: 8013M
 Large Page Support: Disabled
 NUMA Support: Disabled
 Compressed Oops: Enabled (32-bit)
 Alignments: Space 512K, Generation 512K, Heap 2M
 Heap Min Capacity: 100M
 Heap Initial Capacity: 100M
 Heap Max Capacity: 1G
 Pre-touch: Disabled
 Parallel Workers: 8
Heap:
 PSYoungGen      total 31232K, used 22793K [0x00000000eab00000, 0x00000000ecd80000, 0x0000000100000000)
  eden space 27648K, 78% used [0x00000000eab00000,0x00000000ec0118a8,0x00000000ec600000)
  from space 3584K, 34% used [0x00000000ec700000,0x00000000ec830d30,0x00000000eca80000)
  to   space 2048K, 0% used [0x00000000ecb80000,0x00000000ecb80000,0x00000000ecd80000)
 ParOldGen       total 217600K, used 171569K [0x00000000c0000000, 0x00000000cd480000, 0x00000000eab00000)
  object space 217600K, 78% used [0x00000000c0000000,0x00000000ca78c420,0x00000000cd480000)
 Metaspace       used 66645K, committed 67520K, reserved 1114112K
  class space    used 8061K, committed 8448K, reserved 1048576K
GC Heap History (20 events):
Event: 87.066 GC heap before
{Heap before GC invocations=197 (full 11):
 PSYoungGen      total 28672K, used 27994K [0x00000000eab00000, 0x00000000ed380000, 0x0000000100000000)
  eden space 27648K, 100% used [0x00000000eab00000,0x00000000ec600000,0x00000000ec600000)
  from space 1024K, 33% used [0x00000000ed180000,0x00000000ed1d6948,0x00000000ed280000)
  to   space 512K, 0% used [0x00000000ed300000,0x00000000ed300000,0x00000000ed380000)
 ParOldGen       total 217600K, used 158580K [0x00000000c0000000, 0x00000000cd480000, 0x00000000eab00000)
  object space 217600K, 72% used [0x00000000c0000000,0x00000000c9add228,0x00000000cd480000)
 Metaspace       used 54960K, committed 55872K, reserved 1105920K
  class space    used 6061K, committed 6464K, reserved 1048576K
}
Event: 87.067 GC heap after
{Heap after GC invocations=197 (full 11):
 PSYoungGen      total 28160K, used 346K [0x00000000eab00000, 0x00000000ed380000, 0x0000000100000000)
  eden space 27648K, 0% used [0x00000000eab00000,0x00000000eab00000,0x00000000ec600000)
  from space 512K, 67% used [0x00000000ed300000,0x00000000ed356948,0x00000000ed380000)
  to   space 512K, 0% used [0x00000000ed280000,0x00000000ed280000,0x00000000ed300000)
 ParOldGen       total 217600K, used 158580K [0x00000000c0000000, 0x00000000cd480000, 0x00000000eab00000)
  object space 217600K, 72% used [0x00000000c0000000,0x00000000c9add228,0x00000000cd480000)
 Metaspace       used 54960K, committed 55872K, reserved 1105920K
  class space    used 6061K, committed 6464K, reserved 1048576K
}
Event: 98.054 GC heap before
{Heap before GC invocations=198 (full 11):
 PSYoungGen      total 28160K, used 27994K [0x00000000eab00000, 0x00000000ed380000, 0x0000000100000000)
  eden space 27648K, 100% used [0x00000000eab00000,0x00000000ec600000,0x00000000ec600000)
  from space 512K, 67% used [0x00000000ed300000,0x00000000ed356948,0x00000000ed380000)
  to   space 512K, 0% used [0x00000000ed280000,0x00000000ed280000,0x00000000ed300000)
 ParOldGen       total 217600K, used 158580K [0x00000000c0000000, 0x00000000cd480000, 0x00000000eab00000)
  object space 217600K, 72% used [0x00000000c0000000,0x00000000c9add228,0x00000000cd480000)
 Metaspace       used 55570K, committed 56512K, reserved 1105920K
  class space    used 6172K, committed 6592K, reserved 1048576K
}
Event: 98.057 GC heap after
{Heap after GC invocations=198 (full 11):
 PSYoungGen      total 28160K, used 511K [0x00000000eab00000, 0x00000000ed700000, 0x0000000100000000)
  eden space 27648K, 0% used [0x00000000eab00000,0x00000000eab00000,0x00000000ec600000)
  from space 512K, 99% used [0x00000000ed280000,0x00000000ed2ffde0,0x00000000ed300000)
  to   space 4096K, 0% used [0x00000000ed300000,0x00000000ed300000,0x00000000ed700000)
 ParOldGen       total 217600K, used 165539K [0x00000000c0000000, 0x00000000cd480000, 0x00000000eab00000)
  object space 217600K, 76% used [0x00000000c0000000,0x00000000ca1a8ff0,0x00000000cd480000)
 Metaspace       used 55570K, committed 56512K, reserved 1105920K
  class space    used 6172K, committed 6592K, reserved 1048576K
}
Event: 100.735 GC heap before
{Heap before GC invocations=199 (full 11):
 PSYoungGen      total 28160K, used 28159K [0x00000000eab00000, 0x00000000ed700000, 0x0000000100000000)
  eden space 27648K, 100% used [0x00000000eab00000,0x00000000ec600000,0x00000000ec600000)
  from space 512K, 99% used [0x00000000ed280000,0x00000000ed2ffde0,0x00000000ed300000)
  to   space 4096K, 0% used [0x00000000ed300000,0x00000000ed300000,0x00000000ed700000)
 ParOldGen       total 217600K, used 165539K [0x00000000c0000000, 0x00000000cd480000, 0x00000000eab00000)
  object space 217600K, 76% used [0x00000000c0000000,0x00000000ca1a8ff0,0x00000000cd480000)
 Metaspace       used 57060K, committed 57984K, reserved 1105920K
  class space    used 6411K, committed 6848K, reserved 1048576K
}
Event: 100.738 GC heap after
{Heap after GC invocations=199 (full 11):
 PSYoungGen      total 29184K, used 1311K [0x00000000eab00000, 0x00000000ed480000, 0x0000000100000000)
  eden space 27648K, 0% used [0x00000000eab00000,0x00000000eab00000,0x00000000ec600000)
  from space 1536K, 85% used [0x00000000ed300000,0x00000000ed447de0,0x00000000ed480000)
  to   space 3584K, 0% used [0x00000000ecd80000,0x00000000ecd80000,0x00000000ed100000)
 ParOldGen       total 217600K, used 165563K [0x00000000c0000000, 0x00000000cd480000, 0x00000000eab00000)
  object space 217600K, 76% used [0x00000000c0000000,0x00000000ca1aeff0,0x00000000cd480000)
 Metaspace       used 57060K, committed 57984K, reserved 1105920K
  class space    used 6411K, committed 6848K, reserved 1048576K
}
Event: 108.099 GC heap before
{Heap before GC invocations=200 (full 11):
 PSYoungGen      total 29184K, used 28959K [0x00000000eab00000, 0x00000000ed480000, 0x0000000100000000)
  eden space 27648K, 100% used [0x00000000eab00000,0x00000000ec600000,0x00000000ec600000)
  from space 1536K, 85% used [0x00000000ed300000,0x00000000ed447de0,0x00000000ed480000)
  to   space 3584K, 0% used [0x00000000ecd80000,0x00000000ecd80000,0x00000000ed100000)
 ParOldGen       total 217600K, used 165563K [0x00000000c0000000, 0x00000000cd480000, 0x00000000eab00000)
  object space 217600K, 76% used [0x00000000c0000000,0x00000000ca1aeff0,0x00000000cd480000)
 Metaspace       used 57604K, committed 58432K, reserved 1105920K
  class space    used 6537K, committed 6912K, reserved 1048576K
}
Event: 108.106 GC heap after
{Heap after GC invocations=200 (full 11):
 PSYoungGen      total 31232K, used 3553K [0x00000000eab00000, 0x00000000ed380000, 0x0000000100000000)
  eden space 27648K, 0% used [0x00000000eab00000,0x00000000eab00000,0x00000000ec600000)
  from space 3584K, 99% used [0x00000000ecd80000,0x00000000ed0f87c8,0x00000000ed100000)
  to   space 2560K, 0% used [0x00000000ed100000,0x00000000ed100000,0x00000000ed380000)
 ParOldGen       total 217600K, used 167597K [0x00000000c0000000, 0x00000000cd480000, 0x00000000eab00000)
  object space 217600K, 77% used [0x00000000c0000000,0x00000000ca3ab7b8,0x00000000cd480000)
 Metaspace       used 57604K, committed 58432K, reserved 1105920K
  class space    used 6537K, committed 6912K, reserved 1048576K
}
Event: 109.575 GC heap before
{Heap before GC invocations=201 (full 11):
 PSYoungGen      total 31232K, used 31201K [0x00000000eab00000, 0x00000000ed380000, 0x0000000100000000)
  eden space 27648K, 100% used [0x00000000eab00000,0x00000000ec600000,0x00000000ec600000)
  from space 3584K, 99% used [0x00000000ecd80000,0x00000000ed0f87c8,0x00000000ed100000)
  to   space 2560K, 0% used [0x00000000ed100000,0x00000000ed100000,0x00000000ed380000)
 ParOldGen       total 217600K, used 167597K [0x00000000c0000000, 0x00000000cd480000, 0x00000000eab00000)
  object space 217600K, 77% used [0x00000000c0000000,0x00000000ca3ab7b8,0x00000000cd480000)
 Metaspace       used 60692K, committed 61568K, reserved 1105920K
  class space    used 7033K, committed 7424K, reserved 1048576K
}
Event: 109.579 GC heap after
{Heap after GC invocations=201 (full 11):
 PSYoungGen      total 30208K, used 2547K [0x00000000eab00000, 0x00000000ed380000, 0x0000000100000000)
  eden space 27648K, 0% used [0x00000000eab00000,0x00000000eab00000,0x00000000ec600000)
  from space 2560K, 99% used [0x00000000ed100000,0x00000000ed37cec0,0x00000000ed380000)
  to   space 5120K, 0% used [0x00000000ec980000,0x00000000ec980000,0x00000000ece80000)
 ParOldGen       total 217600K, used 169187K [0x00000000c0000000, 0x00000000cd480000, 0x00000000eab00000)
  object space 217600K, 77% used [0x00000000c0000000,0x00000000ca538d98,0x00000000cd480000)
 Metaspace       used 60692K, committed 61568K, reserved 1105920K
  class space    used 7033K, committed 7424K, reserved 1048576K
}
Event: 110.791 GC heap before
{Heap before GC invocations=202 (full 11):
 PSYoungGen      total 30208K, used 30195K [0x00000000eab00000, 0x00000000ed380000, 0x0000000100000000)
  eden space 27648K, 100% used [0x00000000eab00000,0x00000000ec600000,0x00000000ec600000)
  from space 2560K, 99% used [0x00000000ed100000,0x00000000ed37cec0,0x00000000ed380000)
  to   space 5120K, 0% used [0x00000000ec980000,0x00000000ec980000,0x00000000ece80000)
 ParOldGen       total 217600K, used 169187K [0x00000000c0000000, 0x00000000cd480000, 0x00000000eab00000)
  object space 217600K, 77% used [0x00000000c0000000,0x00000000ca538d98,0x00000000cd480000)
 Metaspace       used 62915K, committed 63808K, reserved 1105920K
  class space    used 7397K, committed 7808K, reserved 1048576K
}
Event: 110.796 GC heap after
{Heap after GC invocations=202 (full 11):
 PSYoungGen      total 31744K, used 3605K [0x00000000eab00000, 0x00000000ed180000, 0x0000000100000000)
  eden space 27648K, 0% used [0x00000000eab00000,0x00000000eab00000,0x00000000ec600000)
  from space 4096K, 88% used [0x00000000ec980000,0x00000000ecd056e0,0x00000000ecd80000)
  to   space 4096K, 0% used [0x00000000ecd80000,0x00000000ecd80000,0x00000000ed180000)
 ParOldGen       total 217600K, used 169195K [0x00000000c0000000, 0x00000000cd480000, 0x00000000eab00000)
  object space 217600K, 77% used [0x00000000c0000000,0x00000000ca53ad98,0x00000000cd480000)
 Metaspace       used 62915K, committed 63808K, reserved 1105920K
  class space    used 7397K, committed 7808K, reserved 1048576K
}
Event: 111.593 GC heap before
{Heap before GC invocations=203 (full 11):
 PSYoungGen      total 31744K, used 31253K [0x00000000eab00000, 0x00000000ed180000, 0x0000000100000000)
  eden space 27648K, 100% used [0x00000000eab00000,0x00000000ec600000,0x00000000ec600000)
  from space 4096K, 88% used [0x00000000ec980000,0x00000000ecd056e0,0x00000000ecd80000)
  to   space 4096K, 0% used [0x00000000ecd80000,0x00000000ecd80000,0x00000000ed180000)
 ParOldGen       total 217600K, used 169195K [0x00000000c0000000, 0x00000000cd480000, 0x00000000eab00000)
  object space 217600K, 77% used [0x00000000c0000000,0x00000000ca53ad98,0x00000000cd480000)
 Metaspace       used 64514K, committed 65408K, reserved 1114112K
  class space    used 7770K, committed 8128K, reserved 1048576K
}
Event: 111.595 GC heap after
{Heap after GC invocations=203 (full 11):
 PSYoungGen      total 30720K, used 3063K [0x00000000eab00000, 0x00000000ed080000, 0x0000000100000000)
  eden space 27648K, 0% used [0x00000000eab00000,0x00000000eab00000,0x00000000ec600000)
  from space 3072K, 99% used [0x00000000ecd80000,0x00000000ed07dfd0,0x00000000ed080000)
  to   space 3584K, 0% used [0x00000000ec980000,0x00000000ec980000,0x00000000ecd00000)
 ParOldGen       total 217600K, used 169195K [0x00000000c0000000, 0x00000000cd480000, 0x00000000eab00000)
  object space 217600K, 77% used [0x00000000c0000000,0x00000000ca53ad98,0x00000000cd480000)
 Metaspace       used 64514K, committed 65408K, reserved 1114112K
  class space    used 7770K, committed 8128K, reserved 1048576K
}
Event: 198.971 GC heap before
{Heap before GC invocations=204 (full 11):
 PSYoungGen      total 30720K, used 30711K [0x00000000eab00000, 0x00000000ed080000, 0x0000000100000000)
  eden space 27648K, 99% used [0x00000000eab00000,0x00000000ec5ffff0,0x00000000ec600000)
  from space 3072K, 99% used [0x00000000ecd80000,0x00000000ed07dfd0,0x00000000ed080000)
  to   space 3584K, 0% used [0x00000000ec980000,0x00000000ec980000,0x00000000ecd00000)
 ParOldGen       total 217600K, used 169195K [0x00000000c0000000, 0x00000000cd480000, 0x00000000eab00000)
  object space 217600K, 77% used [0x00000000c0000000,0x00000000ca53ad98,0x00000000cd480000)
 Metaspace       used 66356K, committed 67328K, reserved 1114112K
  class space    used 8044K, committed 8448K, reserved 1048576K
}
Event: 198.997 GC heap after
{Heap after GC invocations=204 (full 11):
 PSYoungGen      total 31232K, used 3416K [0x00000000eab00000, 0x00000000ece00000, 0x0000000100000000)
  eden space 27648K, 0% used [0x00000000eab00000,0x00000000eab00000,0x00000000ec600000)
  from space 3584K, 95% used [0x00000000ec980000,0x00000000eccd60e0,0x00000000ecd00000)
  to   space 1024K, 0% used [0x00000000ecd00000,0x00000000ecd00000,0x00000000ece00000)
 ParOldGen       total 217600K, used 169203K [0x00000000c0000000, 0x00000000cd480000, 0x00000000eab00000)
  object space 217600K, 77% used [0x00000000c0000000,0x00000000ca53cd98,0x00000000cd480000)
 Metaspace       used 66356K, committed 67328K, reserved 1114112K
  class space    used 8044K, committed 8448K, reserved 1048576K
}
Event: 339.498 GC heap before
{Heap before GC invocations=205 (full 11):
 PSYoungGen      total 31232K, used 31064K [0x00000000eab00000, 0x00000000ece00000, 0x0000000100000000)
  eden space 27648K, 100% used [0x00000000eab00000,0x00000000ec600000,0x00000000ec600000)
  from space 3584K, 95% used [0x00000000ec980000,0x00000000eccd60e0,0x00000000ecd00000)
  to   space 1024K, 0% used [0x00000000ecd00000,0x00000000ecd00000,0x00000000ece00000)
 ParOldGen       total 217600K, used 169203K [0x00000000c0000000, 0x00000000cd480000, 0x00000000eab00000)
  object space 217600K, 77% used [0x00000000c0000000,0x00000000ca53cd98,0x00000000cd480000)
 Metaspace       used 66588K, committed 67520K, reserved 1114112K
  class space    used 8057K, committed 8448K, reserved 1048576K
}
Event: 339.537 GC heap after
{Heap after GC invocations=205 (full 11):
 PSYoungGen      total 28672K, used 1020K [0x00000000eab00000, 0x00000000ece00000, 0x0000000100000000)
  eden space 27648K, 0% used [0x00000000eab00000,0x00000000eab00000,0x00000000ec600000)
  from space 1024K, 99% used [0x00000000ecd00000,0x00000000ecdff0c0,0x00000000ece00000)
  to   space 3584K, 0% used [0x00000000ec700000,0x00000000ec700000,0x00000000eca80000)
 ParOldGen       total 217600K, used 171561K [0x00000000c0000000, 0x00000000cd480000, 0x00000000eab00000)
  object space 217600K, 78% used [0x00000000c0000000,0x00000000ca78a420,0x00000000cd480000)
 Metaspace       used 66588K, committed 67520K, reserved 1114112K
  class space    used 8057K, committed 8448K, reserved 1048576K
}
Event: 388.146 GC heap before
{Heap before GC invocations=206 (full 11):
 PSYoungGen      total 28672K, used 28668K [0x00000000eab00000, 0x00000000ece00000, 0x0000000100000000)
  eden space 27648K, 100% used [0x00000000eab00000,0x00000000ec600000,0x00000000ec600000)
  from space 1024K, 99% used [0x00000000ecd00000,0x00000000ecdff0c0,0x00000000ece00000)
  to   space 3584K, 0% used [0x00000000ec700000,0x00000000ec700000,0x00000000eca80000)
 ParOldGen       total 217600K, used 171561K [0x00000000c0000000, 0x00000000cd480000, 0x00000000eab00000)
  object space 217600K, 78% used [0x00000000c0000000,0x00000000ca78a420,0x00000000cd480000)
 Metaspace       used 66645K, committed 67520K, reserved 1114112K
  class space    used 8061K, committed 8448K, reserved 1048576K
}
Event: 388.156 GC heap after
{Heap after GC invocations=206 (full 11):
 PSYoungGen      total 31232K, used 1219K [0x00000000eab00000, 0x00000000ecd80000, 0x0000000100000000)
  eden space 27648K, 0% used [0x00000000eab00000,0x00000000eab00000,0x00000000ec600000)
  from space 3584K, 34% used [0x00000000ec700000,0x00000000ec830d30,0x00000000eca80000)
  to   space 2048K, 0% used [0x00000000ecb80000,0x00000000ecb80000,0x00000000ecd80000)
 ParOldGen       total 217600K, used 171569K [0x00000000c0000000, 0x00000000cd480000, 0x00000000eab00000)
  object space 217600K, 78% used [0x00000000c0000000,0x00000000ca78c420,0x00000000cd480000)
 Metaspace       used 66645K, committed 67520K, reserved 1114112K
  class space    used 8061K, committed 8448K, reserved 1048576K
}

