# JRE version: Java(TM) SE Runtime Environment (17.0.4.1+1) (build 17.0.4.1+1-LTS-2)
# Java VM: Java HotSpot(TM) 64-Bit Server VM (17.0.4.1+1-LTS-2, mixed mode, sharing, tiered, compressed oops, compressed class ptrs, g1 gc, windows-amd64)
GC Precious Log:
 CPUs: 8 total, 8 available
 Memory: 8013M
 Large Page Support: Disabled
 NUMA Support: Disabled
 Compressed Oops: Enabled (32-bit)
 Heap Region Size: 1M
 Heap Min Capacity: 8M
 Heap Initial Capacity: 126M
 Heap Max Capacity: 2G
 Pre-touch: Disabled
 Parallel Workers: 8
 Concurrent Workers: 2
 Concurrent Refinement Workers: 8
 Periodic GC: Disabled
Heap:
 garbage-first heap   total 477184K, used 166382K [0x0000000080000000, 0x0000000100000000)
  region size 1024K, 2 young (2048K), 2 survivors (2048K)
 Metaspace       used 114756K, committed 115712K, reserved 528384K
  class space    used 15663K, committed 16128K, reserved 421888K
GC Heap History (20 events):
Event: 95.502 GC heap after
{Heap after GC invocations=69 (full 0):
 garbage-first heap   total 477184K, used 260033K [0x0000000080000000, 0x0000000100000000)
  region size 1024K, 10 young (10240K), 10 survivors (10240K)
 Metaspace       used 90216K, committed 91072K, reserved 503808K
  class space    used 12375K, committed 12800K, reserved 421888K
}
Event: 95.634 GC heap before
{Heap before GC invocations=69 (full 0):
 garbage-first heap   total 477184K, used 278465K [0x0000000080000000, 0x0000000100000000)
  region size 1024K, 23 young (23552K), 10 survivors (10240K)
 Metaspace       used 90216K, committed 91072K, reserved 503808K
  class space    used 12375K, committed 12800K, reserved 421888K
}
Event: 95.646 GC heap after
{Heap after GC invocations=70 (full 0):
 garbage-first heap   total 477184K, used 257007K [0x0000000080000000, 0x0000000100000000)
  region size 1024K, 1 young (1024K), 1 survivors (1024K)
 Metaspace       used 90216K, committed 91072K, reserved 503808K
  class space    used 12375K, committed 12800K, reserved 421888K
}
Event: 103.938 GC heap before
{Heap before GC invocations=70 (full 0):
 garbage-first heap   total 477184K, used 386031K [0x0000000080000000, 0x0000000100000000)
  region size 1024K, 128 young (131072K), 1 survivors (1024K)
 Metaspace       used 90920K, committed 91840K, reserved 503808K
  class space    used 12468K, committed 12928K, reserved 421888K
}
Event: 103.956 GC heap after
{Heap after GC invocations=71 (full 0):
 garbage-first heap   total 477184K, used 259215K [0x0000000080000000, 0x0000000100000000)
  region size 1024K, 3 young (3072K), 3 survivors (3072K)
 Metaspace       used 90920K, committed 91840K, reserved 503808K
  class space    used 12468K, committed 12928K, reserved 421888K
}
Event: 112.919 GC heap before
{Heap before GC invocations=72 (full 0):
 garbage-first heap   total 477184K, used 410767K [0x0000000080000000, 0x0000000100000000)
  region size 1024K, 144 young (147456K), 3 survivors (3072K)
 Metaspace       used 97974K, committed 98880K, reserved 512000K
  class space    used 13064K, committed 13504K, reserved 421888K
}
Event: 112.932 GC heap after
{Heap after GC invocations=73 (full 0):
 garbage-first heap   total 477184K, used 258052K [0x0000000080000000, 0x0000000100000000)
  region size 1024K, 4 young (4096K), 4 survivors (4096K)
 Metaspace       used 97974K, committed 98880K, reserved 512000K
  class space    used 13064K, committed 13504K, reserved 421888K
}
Event: 113.872 GC heap before
{Heap before GC invocations=73 (full 0):
 garbage-first heap   total 477184K, used 276484K [0x0000000080000000, 0x0000000100000000)
  region size 1024K, 23 young (23552K), 4 survivors (4096K)
 Metaspace       used 98603K, committed 99456K, reserved 512000K
  class space    used 13143K, committed 13568K, reserved 421888K
}
Event: 113.886 GC heap after
{Heap after GC invocations=74 (full 0):
 garbage-first heap   total 477184K, used 255803K [0x0000000080000000, 0x0000000100000000)
  region size 1024K, 2 young (2048K), 2 survivors (2048K)
 Metaspace       used 98603K, committed 99456K, reserved 512000K
  class space    used 13143K, committed 13568K, reserved 421888K
}
Event: 117.575 GC heap before
{Heap before GC invocations=74 (full 0):
 garbage-first heap   total 477184K, used 353083K [0x0000000080000000, 0x0000000100000000)
  region size 1024K, 99 young (101376K), 2 survivors (2048K)
 Metaspace       used 99930K, committed 100736K, reserved 512000K
  class space    used 13299K, committed 13696K, reserved 421888K
}
Event: 117.593 GC heap after
{Heap after GC invocations=75 (full 0):
 garbage-first heap   total 477184K, used 260770K [0x0000000080000000, 0x0000000100000000)
  region size 1024K, 7 young (7168K), 7 survivors (7168K)
 Metaspace       used 99930K, committed 100736K, reserved 512000K
  class space    used 13299K, committed 13696K, reserved 421888K
}
Event: 119.811 GC heap before
{Heap before GC invocations=76 (full 0):
 garbage-first heap   total 477184K, used 274082K [0x0000000080000000, 0x0000000100000000)
  region size 1024K, 142 young (145408K), 7 survivors (7168K)
 Metaspace       used 104011K, committed 104896K, reserved 520192K
  class space    used 13897K, committed 14336K, reserved 421888K
}
Event: 119.877 GC heap after
{Heap after GC invocations=77 (full 0):
 garbage-first heap   total 477184K, used 149206K [0x0000000080000000, 0x0000000100000000)
  region size 1024K, 18 young (18432K), 18 survivors (18432K)
 Metaspace       used 104011K, committed 104896K, reserved 520192K
  class space    used 13897K, committed 14336K, reserved 421888K
}
Event: 119.911 GC heap before
{Heap before GC invocations=77 (full 0):
 garbage-first heap   total 477184K, used 154326K [0x0000000080000000, 0x0000000100000000)
  region size 1024K, 23 young (23552K), 18 survivors (18432K)
 Metaspace       used 104041K, committed 104960K, reserved 520192K
  class space    used 13898K, committed 14336K, reserved 421888K
}
Event: 119.983 GC heap after
{Heap after GC invocations=78 (full 0):
 garbage-first heap   total 477184K, used 146637K [0x0000000080000000, 0x0000000100000000)
  region size 1024K, 3 young (3072K), 3 survivors (3072K)
 Metaspace       used 104041K, committed 104960K, reserved 520192K
  class space    used 13898K, committed 14336K, reserved 421888K
}
Event: 122.129 GC heap before
{Heap before GC invocations=78 (full 0):
 garbage-first heap   total 477184K, used 294093K [0x0000000080000000, 0x0000000100000000)
  region size 1024K, 149 young (152576K), 3 survivors (3072K)
 Metaspace       used 112254K, committed 113216K, reserved 520192K
  class space    used 15480K, committed 15936K, reserved 421888K
}
Event: 122.176 GC heap after
{Heap after GC invocations=79 (full 0):
 garbage-first heap   total 477184K, used 166093K [0x0000000080000000, 0x0000000100000000)
  region size 1024K, 22 young (22528K), 22 survivors (22528K)
 Metaspace       used 112254K, committed 113216K, reserved 520192K
  class space    used 15480K, committed 15936K, reserved 421888K
}
Event: 126.739 GC heap before
{Heap before GC invocations=80 (full 0):
 garbage-first heap   total 477184K, used 342221K [0x0000000080000000, 0x0000000100000000)
  region size 1024K, 193 young (197632K), 22 survivors (22528K)
 Metaspace       used 114637K, committed 115584K, reserved 528384K
  class space    used 15663K, committed 16128K, reserved 421888K
}
Event: 127.337 GC heap after
{Heap after GC invocations=81 (full 0):
 garbage-first heap   total 477184K, used 169614K [0x0000000080000000, 0x0000000100000000)
  region size 1024K, 5 young (5120K), 5 survivors (5120K)
 Metaspace       used 114637K, committed 115584K, reserved 528384K
  class space    used 15663K, committed 16128K, reserved 421888K
}
Event: 127.635 GC heap before
{Heap before GC invocations=81 (full 0):
 garbage-first heap   total 477184K, used 188046K [0x0000000080000000, 0x0000000100000000)
  region size 1024K, 23 young (23552K), 5 survivors (5120K)
 Metaspace       used 114756K, committed 115712K, reserved 528384K
  class space    used 15663K, committed 16128K, reserved 421888K
}

