# JRE version: Java(TM) SE Runtime Environment (17.0.4.1+1) (build 17.0.4.1+1-LTS-2)
# Java VM: Java HotSpot(TM) 64-Bit Server VM (17.0.4.1+1-LTS-2, mixed mode, sharing, tiered, compressed oops, compressed class ptrs, g1 gc, windows-amd64)
GC Precious Log:
 CPUs: 8 total, 8 available
 Memory: 8013M
 Large Page Support: Disabled
 NUMA Support: Disabled
 Compressed Oops: Enabled (32-bit)
 Heap Region Size: 1M
 Heap Min Capacity: 8M
 Heap Initial Capacity: 126M
 Heap Max Capacity: 2G
 Pre-touch: Disabled
 Parallel Workers: 8
 Concurrent Workers: 2
 Concurrent Refinement Workers: 8
 Periodic GC: Disabled
Heap:
 garbage-first heap   total 239616K, used 113202K [0x0000000080000000, 0x0000000100000000)
  region size 1024K, 11 young (11264K), 8 survivors (8192K)
 Metaspace       used 119295K, committed 120064K, reserved 528384K
  class space    used 15427K, committed 15808K, reserved 421888K
GC Heap History (20 events):
Event: 124.745 GC heap before
{Heap before GC invocations=76 (full 0):
 garbage-first heap   total 225280K, used 197693K [0x0000000080000000, 0x0000000100000000)
  region size 1024K, 124 young (126976K), 8 survivors (8192K)
 Metaspace       used 74351K, committed 75008K, reserved 487424K
  class space    used 10396K, committed 10688K, reserved 421888K
}
Event: 124.753 GC heap after
{Heap after GC invocations=77 (full 0):
 garbage-first heap   total 225280K, used 63051K [0x0000000080000000, 0x0000000100000000)
  region size 1024K, 3 young (3072K), 3 survivors (3072K)
 Metaspace       used 74351K, committed 75008K, reserved 487424K
  class space    used 10396K, committed 10688K, reserved 421888K
}
Event: 128.983 GC heap before
{Heap before GC invocations=77 (full 0):
 garbage-first heap   total 225280K, used 193099K [0x0000000080000000, 0x0000000100000000)
  region size 1024K, 130 young (133120K), 3 survivors (3072K)
 Metaspace       used 74955K, committed 75584K, reserved 487424K
  class space    used 10452K, committed 10752K, reserved 421888K
}
Event: 128.990 GC heap after
{Heap after GC invocations=78 (full 0):
 garbage-first heap   total 225280K, used 62999K [0x0000000080000000, 0x0000000100000000)
  region size 1024K, 3 young (3072K), 3 survivors (3072K)
 Metaspace       used 74955K, committed 75584K, reserved 487424K
  class space    used 10452K, committed 10752K, reserved 421888K
}
Event: 140.857 GC heap before
{Heap before GC invocations=78 (full 0):
 garbage-first heap   total 225280K, used 197143K [0x0000000080000000, 0x0000000100000000)
  region size 1024K, 131 young (134144K), 3 survivors (3072K)
 Metaspace       used 80927K, committed 81536K, reserved 495616K
  class space    used 11165K, committed 11456K, reserved 421888K
}
Event: 140.868 GC heap after
{Heap after GC invocations=79 (full 0):
 garbage-first heap   total 225280K, used 66958K [0x0000000080000000, 0x0000000100000000)
  region size 1024K, 4 young (4096K), 4 survivors (4096K)
 Metaspace       used 80927K, committed 81536K, reserved 495616K
  class space    used 11165K, committed 11456K, reserved 421888K
}
Event: 150.043 GC heap before
{Heap before GC invocations=79 (full 0):
 garbage-first heap   total 225280K, used 213390K [0x0000000080000000, 0x0000000100000000)
  region size 1024K, 128 young (131072K), 4 survivors (4096K)
 Metaspace       used 89176K, committed 89856K, reserved 503808K
  class space    used 12136K, committed 12480K, reserved 421888K
}
Event: 150.091 GC heap after
{Heap after GC invocations=80 (full 0):
 garbage-first heap   total 239616K, used 86797K [0x0000000080000000, 0x0000000100000000)
  region size 1024K, 16 young (16384K), 16 survivors (16384K)
 Metaspace       used 89176K, committed 89856K, reserved 503808K
  class space    used 12136K, committed 12480K, reserved 421888K
}
Event: 157.532 GC heap before
{Heap before GC invocations=80 (full 0):
 garbage-first heap   total 239616K, used 160525K [0x0000000080000000, 0x0000000100000000)
  region size 1024K, 84 young (86016K), 16 survivors (16384K)
 Metaspace       used 97519K, committed 98240K, reserved 512000K
  class space    used 13000K, committed 13312K, reserved 421888K
}
Event: 157.592 GC heap after
{Heap after GC invocations=81 (full 0):
 garbage-first heap   total 239616K, used 98360K [0x0000000080000000, 0x0000000100000000)
  region size 1024K, 6 young (6144K), 6 survivors (6144K)
 Metaspace       used 97519K, committed 98240K, reserved 512000K
  class space    used 13000K, committed 13312K, reserved 421888K
}
Event: 164.196 GC heap before
{Heap before GC invocations=82 (full 0):
 garbage-first heap   total 239616K, used 191669K [0x0000000080000000, 0x0000000100000000)
  region size 1024K, 97 young (99328K), 6 survivors (6144K)
 Metaspace       used 102906K, committed 103616K, reserved 512000K
  class space    used 13676K, committed 14016K, reserved 421888K
}
Event: 164.227 GC heap after
{Heap after GC invocations=83 (full 0):
 garbage-first heap   total 239616K, used 102611K [0x0000000080000000, 0x0000000100000000)
  region size 1024K, 11 young (11264K), 11 survivors (11264K)
 Metaspace       used 102906K, committed 103616K, reserved 512000K
  class space    used 13676K, committed 14016K, reserved 421888K
}
Event: 164.240 GC heap before
{Heap before GC invocations=83 (full 0):
 garbage-first heap   total 239616K, used 103635K [0x0000000080000000, 0x0000000100000000)
  region size 1024K, 12 young (12288K), 11 survivors (11264K)
 Metaspace       used 102908K, committed 103616K, reserved 512000K
  class space    used 13676K, committed 14016K, reserved 421888K
}
Event: 164.256 GC heap after
{Heap after GC invocations=84 (full 0):
 garbage-first heap   total 239616K, used 102604K [0x0000000080000000, 0x0000000100000000)
  region size 1024K, 2 young (2048K), 2 survivors (2048K)
 Metaspace       used 102908K, committed 103616K, reserved 512000K
  class space    used 13676K, committed 14016K, reserved 421888K
}
Event: 172.489 GC heap before
{Heap before GC invocations=84 (full 0):
 garbage-first heap   total 239616K, used 191692K [0x0000000080000000, 0x0000000100000000)
  region size 1024K, 90 young (92160K), 2 survivors (2048K)
 Metaspace       used 111390K, committed 112064K, reserved 520192K
  class space    used 14491K, committed 14848K, reserved 421888K
}
Event: 172.507 GC heap after
{Heap after GC invocations=85 (full 0):
 garbage-first heap   total 239616K, used 108495K [0x0000000080000000, 0x0000000100000000)
  region size 1024K, 7 young (7168K), 7 survivors (7168K)
 Metaspace       used 111390K, committed 112064K, reserved 520192K
  class space    used 14491K, committed 14848K, reserved 421888K
}
Event: 183.509 GC heap before
{Heap before GC invocations=85 (full 0):
 garbage-first heap   total 239616K, used 193487K [0x0000000080000000, 0x0000000100000000)
  region size 1024K, 90 young (92160K), 7 survivors (7168K)
 Metaspace       used 117025K, committed 117760K, reserved 528384K
  class space    used 15154K, committed 15488K, reserved 421888K
}
Event: 183.563 GC heap after
{Heap after GC invocations=86 (full 0):
 garbage-first heap   total 239616K, used 109550K [0x0000000080000000, 0x0000000100000000)
  region size 1024K, 7 young (7168K), 7 survivors (7168K)
 Metaspace       used 117025K, committed 117760K, reserved 528384K
  class space    used 15154K, committed 15488K, reserved 421888K
}
Event: 205.535 GC heap before
{Heap before GC invocations=86 (full 0):
 garbage-first heap   total 239616K, used 193518K [0x0000000080000000, 0x0000000100000000)
  region size 1024K, 89 young (91136K), 7 survivors (7168K)
 Metaspace       used 119281K, committed 120064K, reserved 528384K
  class space    used 15427K, committed 15808K, reserved 421888K
}
Event: 205.580 GC heap after
{Heap after GC invocations=87 (full 0):
 garbage-first heap   total 239616K, used 111154K [0x0000000080000000, 0x0000000100000000)
  region size 1024K, 8 young (8192K), 8 survivors (8192K)
 Metaspace       used 119281K, committed 120064K, reserved 528384K
  class space    used 15427K, committed 15808K, reserved 421888K
}

